<?xml version="1.0" encoding="UTF-8"?>
<testng-results ignored="0" total="1" passed="1" failed="0" skipped="0">
  <reporter-output>
  </reporter-output>
  <suite started-at="2021-02-20T11:45:11 IST" name="Default suite" finished-at="2021-02-20T11:45:44 IST" duration-ms="32651">
    <groups>
    </groups>
    <test started-at="2021-02-20T11:45:11 IST" name="Default test" finished-at="2021-02-20T11:45:44 IST" duration-ms="32651">
      <class name="scripts.Test_Login_Page">
        <test-method is-config="true" signature="Open_application()[pri:0, instance:scripts.Test_Login_Page@740cae06]" started-at="2021-02-20T11:45:11 IST" name="Open_application" finished-at="2021-02-20T11:45:30 IST" duration-ms="18636" status="PASS">
          <reporter-output>
          </reporter-output>
        </test-method> <!-- Open_application -->
        <test-method signature="login()[pri:0, instance:scripts.Test_Login_Page@740cae06]" started-at="2021-02-20T11:45:30 IST" name="login" finished-at="2021-02-20T11:45:33 IST" duration-ms="2416" status="PASS">
          <reporter-output>
          </reporter-output>
        </test-method> <!-- login -->
        <test-method is-config="true" signature="logout()[pri:0, instance:scripts.Test_Login_Page@740cae06]" started-at="2021-02-20T11:45:33 IST" name="logout" finished-at="2021-02-20T11:45:44 IST" duration-ms="11538" status="PASS">
          <reporter-output>
          </reporter-output>
        </test-method> <!-- logout -->
      </class> <!-- scripts.Test_Login_Page -->
    </test> <!-- Default test -->
  </suite> <!-- Default suite -->
</testng-results>
